d:\reposithub\osisp_winapi\lab3\dll1\dll1\debug\dll1.pch
d:\reposithub\osisp_winapi\lab3\dll1\dll1\debug\vc142.pdb
d:\reposithub\osisp_winapi\lab3\dll1\dll1\debug\vc142.idb
d:\reposithub\osisp_winapi\lab3\dll1\dll1\debug\stdafx.obj
d:\reposithub\osisp_winapi\lab3\dll1\dll1\debug\source.obj
d:\reposithub\osisp_winapi\lab3\dll1\dll1\debug\dllmain.obj
d:\reposithub\osisp_winapi\lab3\dll1\dll1\debug\dll1.obj
d:\reposithub\osisp_winapi\lab3\consoleapplication2\debug\dll1.lib
d:\reposithub\osisp_winapi\lab3\consoleapplication2\debug\dll1.exp
d:\reposithub\osisp_winapi\lab3\consoleapplication2\debug\dll1.dll
d:\reposithub\osisp_winapi\lab3\consoleapplication2\debug\dll1.ilk
d:\reposithub\osisp_winapi\lab3\consoleapplication2\debug\dll1.pdb
d:\reposithub\osisp_winapi\lab3\dll1\dll1\debug\vc141.idb
d:\reposithub\osisp_winapi\lab3\dll1\dll1\debug\vc141.pdb
d:\reposithub\osisp_winapi\lab3\dll1\dll1\debug\dll1.tlog\cl.command.1.tlog
d:\reposithub\osisp_winapi\lab3\dll1\dll1\debug\dll1.tlog\cl.read.1.tlog
d:\reposithub\osisp_winapi\lab3\dll1\dll1\debug\dll1.tlog\cl.write.1.tlog
d:\reposithub\osisp_winapi\lab3\dll1\dll1\debug\dll1.tlog\dll1.write.1u.tlog
d:\reposithub\osisp_winapi\lab3\dll1\dll1\debug\dll1.tlog\link.command.1.tlog
d:\reposithub\osisp_winapi\lab3\dll1\dll1\debug\dll1.tlog\link.delete.1.tlog
d:\reposithub\osisp_winapi\lab3\dll1\dll1\debug\dll1.tlog\link.read.1.tlog
d:\reposithub\osisp_winapi\lab3\dll1\dll1\debug\dll1.tlog\link.write.1.tlog
