Build started 18.09.2019 12:45:19.
     1>Project "D:\RepositHub\OSISP_WinApi\Laba1\Laba1\Laba1.vcxproj" on node 2 (build target(s)).
     1>PrepareForBuild:
         Creating directory "D:\RepositHub\OSISP_WinApi\Laba1\Debug\".
       InitializeBuildStatus:
         Creating "Debug\Laba1.unsuccessfulbuild" because "AlwaysCreate" was specified.
       ClCompile:
         C:\Program Files (x86)\Microsoft Visual Studio 10.0\VC\bin\CL.exe /c /ZI /nologo /W3 /WX- /Od /Oy- /D WIN32 /D _DEBUG /D _WINDOWS /D _UNICODE /D UNICODE /Gm /EHsc /RTC1 /MDd /GS /fp:precise /Zc:wchar_t /Zc:forScope /Fo"Debug\\" /Fd"Debug\vc100.pdb" /Gd /TP /analyze- /errorReport:prompt Laba1.cpp
         Laba1.cpp
       ManifestResourceCompile:
         C:\Program Files (x86)\Microsoft SDKs\Windows\v7.0A\bin\rc.exe /nologo /fo"Debug\Laba1.exe.embed.manifest.res" Debug\Laba1_manifest.rc 
       Link:
         C:\Program Files (x86)\Microsoft Visual Studio 10.0\VC\bin\link.exe /ERRORREPORT:PROMPT /OUT:"D:\RepositHub\OSISP_WinApi\Laba1\Debug\Laba1.exe" /INCREMENTAL /NOLOGO kernel32.lib user32.lib gdi32.lib winspool.lib comdlg32.lib advapi32.lib shell32.lib ole32.lib oleaut32.lib uuid.lib odbc32.lib odbccp32.lib /MANIFEST /ManifestFile:"Debug\Laba1.exe.intermediate.manifest" /MANIFESTUAC:"level='asInvoker' uiAccess='false'" /DEBUG /PDB:"D:\RepositHub\OSISP_WinApi\Laba1\Debug\Laba1.pdb" /SUBSYSTEM:WINDOWS /TLBID:1 /DYNAMICBASE /NXCOMPAT /IMPLIB:"D:\RepositHub\OSISP_WinApi\Laba1\Debug\Laba1.lib" /MACHINE:X86 Debug\Laba1.exe.embed.manifest.res
         Debug\Laba1.obj
       Manifest:
         C:\Program Files (x86)\Microsoft SDKs\Windows\v7.0A\bin\mt.exe /nologo /verbose /out:"Debug\Laba1.exe.embed.manifest" /manifest Debug\Laba1.exe.intermediate.manifest
         C:\Program Files (x86)\Microsoft SDKs\Windows\v7.0A\bin\rc.exe /nologo /fo"Debug\Laba1.exe.embed.manifest.res" Debug\Laba1_manifest.rc 
       LinkEmbedManifest:
         C:\Program Files (x86)\Microsoft Visual Studio 10.0\VC\bin\link.exe /ERRORREPORT:PROMPT /OUT:"D:\RepositHub\OSISP_WinApi\Laba1\Debug\Laba1.exe" /INCREMENTAL /NOLOGO kernel32.lib user32.lib gdi32.lib winspool.lib comdlg32.lib advapi32.lib shell32.lib ole32.lib oleaut32.lib uuid.lib odbc32.lib odbccp32.lib /MANIFEST /ManifestFile:"Debug\Laba1.exe.intermediate.manifest" /MANIFESTUAC:"level='asInvoker' uiAccess='false'" /DEBUG /PDB:"D:\RepositHub\OSISP_WinApi\Laba1\Debug\Laba1.pdb" /SUBSYSTEM:WINDOWS /TLBID:1 /DYNAMICBASE /NXCOMPAT /IMPLIB:"D:\RepositHub\OSISP_WinApi\Laba1\Debug\Laba1.lib" /MACHINE:X86 Debug\Laba1.exe.embed.manifest.res
         Debug\Laba1.obj
         Laba1.vcxproj -> D:\RepositHub\OSISP_WinApi\Laba1\Debug\Laba1.exe
       FinalizeBuildStatus:
         Deleting file "Debug\Laba1.unsuccessfulbuild".
         Touching "Debug\Laba1.lastbuildstate".
     1>Done Building Project "D:\RepositHub\OSISP_WinApi\Laba1\Laba1\Laba1.vcxproj" (build target(s)).

Build succeeded.

Time Elapsed 00:00:05.92
